2022-11-29 12:13:50:1350 error: uncaughtException: Identifier 'validate' has already been declared
D:\GautamRamani\Z-Extra\ECommerce Structured\Controller\client.js:3
const { validate, User } = require("../Model/user");
        ^

SyntaxError: Identifier 'validate' has already been declared
    at wrapSafe (internal/modules/cjs/loader.js:979:16)
    at Module._compile (internal/modules/cjs/loader.js:1027:27)
    at Object.Module._extensions..js (internal/modules/cjs/loader.js:1092:10)
    at Module.load (internal/modules/cjs/loader.js:928:32)
    at Function.Module._load (internal/modules/cjs/loader.js:769:14)
    at Module.require (internal/modules/cjs/loader.js:952:19)
    at require (internal/modules/cjs/helpers.js:88:18)
    at Object.<anonymous> (D:\GautamRamani\Z-Extra\ECommerce Structured\Route\index.js:10:20)
    at Module._compile (internal/modules/cjs/loader.js:1063:30)
    at Object.Module._extensions..js (internal/modules/cjs/loader.js:1092:10)
2022-11-29 12:16:26:1626 info: Mongodb Connected
2022-11-29 12:18:04:184 info: Mongodb Connected
2022-11-29 12:20:44:2044 info: Mongodb Connected
2022-11-29 12:23:04:234 info: Mongodb Connected
2022-11-29 12:24:40:2440 info: POST /register 200 325 - 155.940 ms

2022-11-29 12:25:32:2532 error: That user already exists!
2022-11-29 12:25:32:2532 info: POST /register 400 25 - 21.240 ms

2022-11-29 12:25:35:2535 error: That user already exists!
2022-11-29 12:25:35:2535 info: POST /register 400 25 - 23.723 ms

2022-11-29 12:27:25:2725 info: POST /register 200 335 - 149.952 ms

2022-11-29 12:28:17:2817 info: Mongodb Connected
2022-11-29 12:29:47:2947 info: POST /register 200 326 - 152.554 ms

2022-11-29 12:30:44:3044 info: POST /register 200 319 - 112.552 ms

2022-11-29 12:35:05:355 info: Mongodb Connected
2022-11-29 12:35:22:3522 info: Mongodb Connected
2022-11-29 12:35:53:3553 info: Mongodb Connected
2022-11-29 12:42:20:4220 info: POST /login - - - - ms

2022-11-29 12:43:07:437 info: Mongodb Connected
2022-11-29 12:43:38:4338 info: Mongodb Connected
2022-11-29 12:43:41:4341 info: POST /login 200 248 - 107.165 ms

2022-11-29 12:44:36:4436 info: POST /login 200 250 - 75.628 ms

2022-11-29 12:44:55:4455 info: POST /login 200 247 - 74.580 ms

2022-11-29 12:45:16:4516 info: POST /login 200 248 - 72.675 ms

2022-11-29 12:46:21:4621 info: Mongodb Connected
2022-11-29 12:51:49:5149 info: GET /api/admin/users 200 1310 - 46.247 ms

2022-11-29 12:52:15:5215 info: GET /api/admin/user/6385acb071cb291f5dfb240c 200 325 - 22.941 ms

2022-11-29 12:54:34:5434 error: child "name" fails because ["name" length must be at least 5 characters long]
2022-11-29 12:54:34:5434 info: POST /api/admin/user 400 48 - 12.121 ms

2022-11-29 12:54:52:5452 info: POST /api/admin/user 200 324 - 145.385 ms

2022-11-29 12:56:45:5645 info: POST /api/admin/user/6385b3c4bbd240bd8ca9d2fe 404 179 - 2.339 ms

2022-11-29 12:57:27:5727 info: POST /api/admin/user/6385b3c4bbd240bd8ca9d2fe 404 179 - 0.942 ms

2022-11-29 12:57:33:5733 error: That user already exists!
2022-11-29 12:57:33:5733 info: POST /api/admin/user 400 25 - 20.149 ms

2022-11-29 12:57:48:5748 error: Cast to ObjectId failed for value "6385b3c4bbd240bd8ca9d2fe\n" (type string) at path "_id" for model "User"
2022-11-29 12:57:53:5753 info: PUT /api/admin/user/6385b3c4bbd240bd8ca9d2fe%0A - - - - ms

2022-11-29 12:59:16:5916 error: Cast to ObjectId failed for value "6385b3c4bbd240bd8ca9d2fe\n" (type string) at path "_id" for model "User"
2022-11-29 12:59:21:5921 info: PUT /api/admin/user/6385b3c4bbd240bd8ca9d2fe%0A - - - - ms

2022-11-29 13:03:23:323 info: Mongodb Connected
2022-11-29 13:03:25:325 error: Cast to ObjectId failed for value "6385b3c4bbd240bd8ca9d2fe\n" (type string) at path "_id" for model "User"
2022-11-29 13:03:28:328 info: PUT /api/admin/user/6385b3c4bbd240bd8ca9d2fe%0A - - - - ms

2022-11-29 13:03:37:337 info: Mongodb Connected
2022-11-29 13:03:40:340 error: Cast to ObjectId failed for value "6385b3c4bbd240bd8ca9d2fe\n" (type string) at path "_id" for model "User"
2022-11-29 13:03:41:341 info: PUT /api/admin/user/6385b3c4bbd240bd8ca9d2fe%0A - - - - ms

2022-11-29 13:03:59:359 info: Mongodb Connected
2022-11-29 13:04:03:43 error: Cast to ObjectId failed for value "6385b3c4bbd240bd8ca9d2fe\n" (type string) at path "_id" for model "User"
2022-11-29 13:04:03:43 info: PUT /api/admin/user/6385b3c4bbd240bd8ca9d2fe%0A - - - - ms

2022-11-29 13:04:50:450 info: Mongodb Connected
2022-11-29 13:04:52:452 error: Cast to ObjectId failed for value "6385b3c4bbd240bd8ca9d2fe\n" (type string) at path "_id" for model "User"
2022-11-29 13:04:53:453 info: PUT /api/admin/users/6385b3c4bbd240bd8ca9d2fe%0A - - - - ms

2022-11-29 13:05:06:56 info: Mongodb Connected
2022-11-29 13:05:08:58 info: PUT /api/admin/users/6385b3c4bbd240bd8ca9d2fe%0A 404 182 - 10.121 ms

2022-11-29 13:05:15:515 error: Cast to ObjectId failed for value "6385b3c4bbd240bd8ca9d2fe\n" (type string) at path "_id" for model "User"
2022-11-29 13:05:16:516 info: PUT /api/admin/user/6385b3c4bbd240bd8ca9d2fe%0A - - - - ms

2022-11-29 13:07:27:727 error: Cast to ObjectId failed for value "6385b3c4bbd240bd8ca9d2fe\n" (type string) at path "_id" for model "User"
2022-11-29 13:07:28:728 info: PUT /api/admin/user/6385b3c4bbd240bd8ca9d2fe%0A - - - - ms

2022-11-29 13:08:15:815 info: DELETE /api/admin/user/6385b3c4bbd240bd8ca9d2fe%0A 400 296 - 1.738 ms

2022-11-29 13:08:58:858 info: DELETE /api/admin/user/%226385b3c4bbd240bd8ca9d2fe%22%0A 400 308 - 0.583 ms

2022-11-29 13:09:09:99 info: DELETE /api/admin/user/6385b3c4bbd240bd8ca9d2fe%0A 400 296 - 0.591 ms

2022-11-29 13:09:20:920 error: Cast to ObjectId failed for value "6385b3c4bbd240bd8ca9d2fe\n" (type string) at path "_id" for model "User"
2022-11-29 13:09:24:924 info: PUT /api/admin/user/6385b3c4bbd240bd8ca9d2fe%0A - - - - ms

2022-11-29 13:11:54:1154 error: Cast to ObjectId failed for value "6385b3c4bbd240bd8ca9d2fe\n" (type string) at path "_id" for model "User"
2022-11-29 13:11:55:1155 info: Mongodb Connected
2022-11-29 13:11:56:1156 info: PUT /api/admin/user/6385b3c4bbd240bd8ca9d2fe%0A - - - - ms

2022-11-29 13:12:15:1215 info: Mongodb Connected
2022-11-29 13:49:38:4938 error: Cast to ObjectId failed for value "6385b3c4bbd240bd8ca9d2fe\n" (type string) at path "_id" for model "User"
2022-11-29 13:49:39:4939 info: PUT /api/admin/user/6385b3c4bbd240bd8ca9d2fe%0A - - - - ms

2022-11-29 13:50:39:5039 info: Mongodb Connected
2022-11-29 13:50:44:5044 error: Callback must be a function, got [object Object]
2022-11-29 13:50:46:5046 info: PUT /api/admin/user/6385b3c4bbd240bd8ca9d2fe%0A - - - - ms

2022-11-29 13:54:42:5442 info: Mongodb Connected
2022-11-29 13:54:44:5444 error: Cast to ObjectId failed for value "6385b3c4bbd240bd8ca9d2fe\n" (type string) at path "_id" for model "User"
2022-11-29 13:54:47:5447 info: PUT /api/admin/user/6385b3c4bbd240bd8ca9d2fe%0A - - - - ms

2022-11-29 13:57:33:5733 error: Cast to ObjectId failed for value "6385ae1c3e203e7bc2380df5\n" (type string) at path "_id" for model "User"
2022-11-29 13:57:36:5736 info: PUT /api/admin/user/6385ae1c3e203e7bc2380df5%0A - - - - ms

2022-11-29 13:58:22:5822 error: Cast to ObjectId failed for value "6385b3c4bbd240bd8ca9d2fe\n" (type string) at path "_id" for model "User"
2022-11-29 13:58:25:5825 info: PUT /api/admin/user/6385b3c4bbd240bd8ca9d2fe%0A - - - - ms

2022-11-29 14:00:15:015 info: Mongodb Connected
2022-11-29 14:00:16:016 error: Cast to ObjectId failed for value "6385b3c4bbd240bd8ca9d2fe\n" (type string) at path "_id" for model "User"
2022-11-29 14:00:17:017 info: PUT /api/admin/user/6385b3c4bbd240bd8ca9d2fe%0A - - - - ms

2022-11-29 14:00:44:044 info: Mongodb Connected
2022-11-29 14:00:44:044 error: Cast to ObjectId failed for value "6385b3c4bbd240bd8ca9d2fe\n" (type string) at path "_id" for model "User"
2022-11-29 14:00:45:045 info: PUT /api/admin/user/6385b3c4bbd240bd8ca9d2fe%0A - - - - ms

2022-11-29 14:02:13:213 info: Mongodb Connected
2022-11-29 14:02:47:247 info: Mongodb Connected
2022-11-29 14:02:49:249 error: Cast to ObjectId failed for value "6385b3c4bbd240bd8ca9d2fe\n" (type string) at path "_id" for model "User"
2022-11-29 14:02:51:251 info: PUT /api/admin/user/6385b3c4bbd240bd8ca9d2fe%0A - - - - ms

2022-11-29 14:06:49:649 info: Mongodb Connected
2022-11-29 14:06:56:656 error: Cast to ObjectId failed for value "6385b3c4bbd240bd8ca9d2fe\n" (type string) at path "_id" for model "User"
2022-11-29 14:06:57:657 info: PUT /api/admin/putuser/6385b3c4bbd240bd8ca9d2fe%0A - - - - ms

2022-11-29 14:07:07:77 info: Mongodb Connected
2022-11-29 14:07:12:712 error: Cast to ObjectId failed for value "6385b3c4bbd240bd8ca9d2fe\n" (type string) at path "_id" for model "User"
2022-11-29 14:07:14:714 info: PUT /api/adminput/putuser/6385b3c4bbd240bd8ca9d2fe%0A - - - - ms

2022-11-29 14:07:36:736 info: Mongodb Connected
2022-11-29 14:07:37:737 info: PUT /api/adminput/putuser/6385b3c4bbd240bd8ca9d2fe%0A 404 187 - 9.881 ms

2022-11-29 14:08:01:81 error: Cast to ObjectId failed for value "6385b3c4bbd240bd8ca9d2fe\n" (type string) at path "_id" for model "User"
2022-11-29 14:08:01:81 info: PUT /api/admin/user/6385b3c4bbd240bd8ca9d2fe%0A - - - - ms

2022-11-29 14:08:13:813 info: Mongodb Connected
2022-11-29 14:08:19:819 error: Cast to ObjectId failed for value "6385b3c4bbd240bd8ca9d2fe\n" (type string) at path "_id" for model "User"
2022-11-29 14:08:21:821 info: PUT /api/admin/6385b3c4bbd240bd8ca9d2fe%0A - - - - ms

2022-11-29 14:09:13:913 info: Mongodb Connected
2022-11-29 14:09:21:921 error: Cast to ObjectId failed for value "6385b3c4bbd240bd8ca9d2fe\n" (type string) at path "_id" for model "User"
2022-11-29 14:09:23:923 info: PUT /api/admin/user/6385b3c4bbd240bd8ca9d2fe%0A - - - - ms

2022-11-29 14:10:10:1010 info: Mongodb Connected
2022-11-29 14:10:12:1012 error: Cast to ObjectId failed for value "6385b3c4bbd240bd8ca9d2fe\n" (type string) at path "_id" for model "User"
2022-11-29 14:10:17:1017 info: PUT /api/admin/user/6385b3c4bbd240bd8ca9d2fe%0A - - - - ms

2022-11-29 14:11:31:1131 info: Mongodb Connected
2022-11-29 14:11:48:1148 error: Cast to ObjectId failed for value "6385b3c4bbd240bd8ca9d2fe\n" (type string) at path "_id" for model "User"
2022-11-29 14:11:50:1150 info: PUT /api/6385b3c4bbd240bd8ca9d2fe%0A - - - - ms

2022-11-29 14:11:58:1158 info: Mongodb Connected
2022-11-29 14:12:04:124 error: Cast to ObjectId failed for value "6385b3c4bbd240bd8ca9d2fe\n" (type string) at path "_id" for model "User"
2022-11-29 14:12:06:126 info: PUT /api/admin/user/6385b3c4bbd240bd8ca9d2fe%0A - - - - ms

2022-11-29 14:13:53:1353 info: Mongodb Connected
2022-11-29 14:14:20:1420 info: PUT /api/admin/user/6385b3c4bbd240bd8ca9d2fe%0A 404 181 - 10.251 ms

2022-11-29 14:14:36:1436 error: Cast to ObjectId failed for value "6385b3c4bbd240bd8ca9d2fe\n" (type string) at path "_id" for model "User"
2022-11-29 14:14:36:1436 info: Mongodb Connected
2022-11-29 14:14:39:1439 info: PUT /api/admin/user/6385b3c4bbd240bd8ca9d2fe%0A - - - - ms

2022-11-29 14:28:15:2815 info: Mongodb Connected
2022-11-29 14:28:18:2818 error: Cast to ObjectId failed for value "6385b3c4bbd240bd8ca9d2fe\n" (type string) at path "_id" for model "User"
2022-11-29 14:28:19:2819 info: PUT /api/admin/user/6385b3c4bbd240bd8ca9d2fe%0A - - - - ms

2022-11-29 14:31:28:3128 info: Mongodb Connected
2022-11-29 14:31:36:3136 error: Cast to ObjectId failed for value "6385b3c4bbd240bd8ca9d2fe\n" (type string) at path "_id" for model "User"
2022-11-29 14:31:48:3148 info: PUT /api/admin/user/6385b3c4bbd240bd8ca9d2fe%0A - - - - ms

2022-11-29 14:32:33:3233 error: Cast to ObjectId failed for value "6385b3c4bbd240bd8ca9d2fe\n" (type string) at path "_id" for model "User"
2022-11-29 14:33:35:3335 info: PUT /api/admin/user/6385b3c4bbd240bd8ca9d2fe%0A - - - - ms

2022-11-29 14:37:33:3733 error: Cast to ObjectId failed for value "6385ade33e203e7bc2380df2\n" (type string) at path "_id" for model "User"
2022-11-29 14:37:36:3736 info: PUT /api/admin/user/6385ade33e203e7bc2380df2%0A - - - - ms

2022-11-29 14:38:24:3824 info: Mongodb Connected
2022-11-29 14:38:27:3827 error: Cast to ObjectId failed for value "6385ade33e203e7bc2380df2\n" (type string) at path "_id" for model "User"
2022-11-29 14:38:28:3828 info: PUT /api/admin/user/6385ade33e203e7bc2380df2%0A - - - - ms

2022-11-29 14:39:01:391 info: Mongodb Connected
2022-11-29 14:39:03:393 info: Mongodb Connected
2022-11-29 14:39:07:397 info: Mongodb Connected
2022-11-29 14:39:14:3914 info: GET /api/admin/users 200 1635 - 53.248 ms

2022-11-29 14:39:49:3949 info: Mongodb Connected
2022-11-29 14:39:53:3953 info: Mongodb Connected
2022-11-29 14:39:56:3956 error: Cast to ObjectId failed for value "6385ade33e203e7bc2380df2\n" (type string) at path "_id" for model "User"
2022-11-29 14:39:58:3958 info: PUT /api/admin/user/6385ade33e203e7bc2380df2%0A - - - - ms

2022-11-29 14:40:07:407 info: Mongodb Connected
2022-11-29 14:41:18:4118 info: Mongodb Connected
2022-11-29 14:41:47:4147 info: POST /register 200 325 - 181.626 ms

2022-11-29 14:44:07:447 error: Cast to ObjectId failed for value "6385ccd2ad456a3c82240003\n" (type string) at path "_id" for model "User"
2022-11-29 14:44:08:448 info: PUT /api/admin/user/6385ccd2ad456a3c82240003%0A - - - - ms

2022-11-29 14:44:41:4441 info: Mongodb Connected
2022-11-29 14:45:00:450 info: POST /register 200 293 - 182.518 ms

2022-11-29 14:45:14:4514 error: Cast to ObjectId failed for value "6385cd94f4e19ee3f4f40e74\n" (type string) at path "_id" for model "User"
2022-11-29 14:46:22:4622 info: Mongodb Connected
2022-11-29 14:46:28:4628 error: Cast to ObjectId failed for value "6385cd94f4e19ee3f4f40e74\n" (type string) at path "_id" for model "User"
2022-11-29 14:47:56:4756 info: PUT /api/admin/user/6385cd94f4e19ee3f4f40e74%0A - - - - ms

2022-11-29 14:49:38:4938 info: GET /api/admin/users 200 295 - 32.312 ms

2022-11-29 14:51:23:5123 info: Mongodb Connected
2022-11-29 14:51:31:5131 info: GET /api/admin/users 200 295 - 34.876 ms

2022-11-29 14:51:50:5150 info: GET /api/admin/user/6385cd94f4e19ee3f4f40e74 200 293 - 29.385 ms

2022-11-29 14:52:02:522 error: Cast to ObjectId failed for value "6385cd94f4e19ee3f4f40e74\n" (type string) at path "_id" for model "User"
2022-11-29 14:53:40:5340 info: Mongodb Connected
2022-11-29 14:53:48:5348 info: Mongodb Connected
2022-11-29 14:54:00:540 info: Mongodb Connected
2022-11-29 14:54:02:542 info: Mongodb Connected
2022-11-29 14:54:09:549 info: Mongodb Connected
2022-11-29 14:54:10:5410 error: Cast to ObjectId failed for value "6385cd94f4e19ee3f4f40e74\n" (type string) at path "_id" for model "User"
2022-11-29 14:54:50:5450 info: Mongodb Connected
2022-11-29 14:55:31:5531 info: PUT /api/admin/user/6385cd94f4e19ee3f4f40e74 200 293 - 60.376 ms

2022-11-29 14:56:07:567 info: PUT /api/admin/user/6385cd94f4e19ee3f4f40e74 200 293 - 30.943 ms

2022-11-29 14:56:15:5615 error: Cast to ObjectId failed for value "6385cd94f4e19ee3f4f40e74      " (type string) at path "_id" for model "User"
2022-11-29 14:56:21:5621 info: PUT /api/admin/user/6385cd94f4e19ee3f4f40e74%20%20%20%20%20%20 - - - - ms

2022-11-29 14:56:21:5621 info: PUT /api/admin/user/6385cd94f4e19ee3f4f40e74 200 293 - 26.707 ms

2022-11-29 14:57:32:5732 info: PUT /api/admin/user/6385cd94f4e19ee3f4f40e74 200 293 - 28.319 ms

2022-11-29 14:57:34:5734 info: PUT /api/admin/user/6385cd94f4e19ee3f4f40e74 200 293 - 26.980 ms

2022-11-29 14:58:31:5831 info: Mongodb Connected
2022-11-29 14:58:38:5838 info: Mongodb Connected
2022-11-29 14:58:43:5843 info: Mongodb Connected
2022-11-29 15:00:27:027 info: POST /register 200 293 - 163.107 ms

2022-11-29 15:00:52:052 info: Mongodb Connected
2022-11-29 15:00:59:059 info: Mongodb Connected
2022-11-29 15:01:02:12 info: Mongodb Connected
2022-11-29 15:01:11:111 info: Mongodb Connected
2022-11-29 15:01:40:140 info: POST /register 200 293 - 182.744 ms

2022-11-29 15:01:43:143 info: POST /register 200 303 - 129.968 ms

2022-11-29 15:01:46:146 info: POST /register 200 294 - 111.001 ms

2022-11-29 15:01:46:146 error: That user already exists!
2022-11-29 15:01:46:146 info: POST /register 400 25 - 29.562 ms

2022-11-29 15:01:52:152 info: POST /register 200 287 - 146.168 ms

2022-11-29 15:01:58:158 info: POST /login 200 248 - 92.229 ms

2022-11-29 15:02:01:21 info: POST /login 200 250 - 92.297 ms

2022-11-29 15:02:03:23 info: POST /login 200 247 - 86.415 ms

2022-11-29 15:02:06:26 info: POST /login 200 248 - 95.650 ms

2022-11-29 15:02:13:213 info: GET /api/admin/users 200 1182 - 22.117 ms

2022-11-29 15:02:24:224 info: GET /api/admin/user/6385d17ca6375eb54f6199de 200 293 - 32.177 ms

2022-11-29 15:02:35:235 info: POST /api/admin/user 200 292 - 119.955 ms

2022-11-29 15:02:57:257 info: PUT /api/admin/user/6385d1b3a6375eb54f6199f1 200 248 - 32.902 ms

2022-11-29 15:03:15:315 info: DELETE /api/admin/user/6385d1b3a6375eb54f6199f1%0A 400 296 - 1.942 ms

2022-11-29 15:03:57:357 info: PUT /api/admin/user/6385d1b3a6375eb54f6199f1 200 257 - 43.933 ms

2022-11-29 15:04:28:428 info: DELETE /api/admin/user/6385d1b3a6375eb54f6199f1 200 294 - 30.340 ms

2022-11-29 15:04:37:437 info: POST /api/admin/user 200 292 - 118.496 ms

2022-11-29 15:04:52:452 info: PUT /api/admin/user/6385d22da6375eb54f6199f7 200 257 - 29.728 ms

2022-11-29 15:05:01:51 info: DELETE /api/admin/user/6385d22da6375eb54f6199f7 200 294 - 41.428 ms

2022-11-29 15:05:40:540 info: POST /api/admin/user 200 292 - 119.134 ms

2022-11-29 15:05:55:555 info: PUT /api/admin/user/6385d26ca6375eb54f6199fc 200 257 - 31.282 ms

2022-11-29 15:06:24:624 info: DELETE /api/admin/user/6385d26ca6375eb54f6199fc 200 294 - 29.104 ms

2022-11-29 15:06:52:652 info: GET /api/admin/users 200 1182 - 26.758 ms

2022-11-29 15:06:58:658 info: GET /api/admin/user/6385d17ca6375eb54f6199de 200 293 - 24.709 ms

2022-11-29 15:07:04:74 info: POST /api/admin/user 200 292 - 151.669 ms

2022-11-29 15:07:24:724 info: PUT /api/admin/user/6385d2c0a6375eb54f619a03 200 257 - 31.131 ms

2022-11-29 15:07:40:740 info: DELETE /api/admin/user/6385d2c0a6375eb54f619a03 200 294 - 28.555 ms

2022-11-29 15:31:23:3123 info: Mongodb Connected
2022-11-29 15:31:26:3126 info: Mongodb Connected
2022-11-29 15:33:18:3318 info: POST /api/admin/product 200 330 - 51.490 ms

2022-11-29 15:34:40:3440 info: POST /api/admin/product 200 378 - 32.197 ms

2022-11-29 15:36:01:361 info: POST /api/admin/product 200 321 - 36.094 ms

2022-11-29 15:37:12:3712 info: POST /api/admin/product 200 334 - 33.207 ms

2022-11-29 15:38:13:3813 info: POST /api/admin/product 200 379 - 33.394 ms

2022-11-29 15:39:11:3911 info: POST /api/admin/product 200 351 - 28.921 ms

2022-11-29 15:40:06:406 info: GET /api/admin/product 200 2100 - 28.626 ms

2022-11-29 15:41:15:4115 info: GET /api/admin/product/6385d8e6114120497e4b3ceb 200 330 - 28.986 ms

2022-11-29 15:42:48:4248 info: POST /api/admin/product 200 330 - 33.167 ms

2022-11-29 15:44:42:4442 info: PUT /api/admin/product/6385db20114120497e4b3cf9 200 330 - 40.086 ms

2022-11-29 15:45:26:4526 info: DELETE /api/admin/product/6385db20114120497e4b3cf9 200 367 - 31.873 ms

2022-11-29 16:41:44:4144 info: Mongodb Connected
2022-11-29 16:42:00:420 info: Mongodb Connected
2022-11-29 16:42:03:423 info: Mongodb Connected
2022-11-29 16:42:10:4210 info: Mongodb Connected
2022-11-29 16:42:12:4212 info: Mongodb Connected
2022-11-29 16:42:33:4233 info: GET /api/user/product 200 1748 - 48.266 ms

2022-11-29 16:43:07:437 info: GET /api/user/profile 200 1182 - 29.051 ms

2022-11-29 16:43:41:4341 info: GET /api/user/profile/6385d17ca6375eb54f6199de 200 293 - 29.132 ms

2022-11-29 16:45:55:4555 info: Mongodb Connected
2022-11-29 16:46:41:4641 info: Mongodb Connected
2022-11-29 16:46:50:4650 info: Mongodb Connected
2022-11-29 16:47:52:4752 info: Mongodb Connected
2022-11-29 16:48:03:483 info: GET /api/admin/users 401 1256 - 3.622 ms

2022-11-29 16:48:11:4811 info: GET /api/admin/product 401 1256 - 0.778 ms

2022-11-29 16:48:17:4817 info: GET /api/user/product 401 1256 - 0.463 ms

2022-11-29 16:48:26:4826 info: POST /login 200 248 - 127.897 ms

2022-11-29 16:49:15:4915 info: GET /api/admin/users 200 1182 - 36.491 ms

2022-11-29 16:49:43:4943 info: GET /api/admin/product 200 1748 - 32.636 ms

2022-11-29 16:50:02:502 info: GET /api/user/product 200 1748 - 32.805 ms

2022-11-29 16:55:44:5544 error: uncaughtException: Cannot find module './middlewarre/auth'
Require stack:
- D:\GautamRamani\Z-Extra\ECommerce Structured\app.js
Error: Cannot find module './middlewarre/auth'
Require stack:
- D:\GautamRamani\Z-Extra\ECommerce Structured\app.js
    at Function.Module._resolveFilename (internal/modules/cjs/loader.js:880:15)
    at Function.Module._load (internal/modules/cjs/loader.js:725:27)
    at Module.require (internal/modules/cjs/loader.js:952:19)
    at require (internal/modules/cjs/helpers.js:88:18)
    at Object.<anonymous> (D:\GautamRamani\Z-Extra\ECommerce Structured\app.js:7:15)
    at Module._compile (internal/modules/cjs/loader.js:1063:30)
    at Object.Module._extensions..js (internal/modules/cjs/loader.js:1092:10)
    at Module.load (internal/modules/cjs/loader.js:928:32)
    at Function.Module._load (internal/modules/cjs/loader.js:769:14)
    at Function.executeUserEntryPoint [as runMain] (internal/modules/run_main.js:72:12)
2022-11-29 16:55:51:5551 info: Mongodb Connected
2022-11-29 17:52:56:5256 info: Mongodb Connected
2022-11-29 17:53:08:538 info: Mongodb Connected
2022-11-29 17:53:52:5352 info: GET /api/user/product 200 1058 - 33.498 ms

2022-11-29 17:54:52:5452 info: GET /api/user/product?page=2&limit=2 200 683 - 19.837 ms

2022-11-29 17:55:14:5514 info: GET /api/user/product 200 1058 - 21.988 ms

2022-11-29 17:56:05:565 info: GET /api/user/product 200 1058 - 16.734 ms

2022-11-29 17:56:16:5616 info: GET /api/user/product?page=2 200 741 - 17.580 ms

2022-11-29 18:04:53:453 info: Mongodb Connected
2022-11-29 18:04:54:454 info: GET /api/user/product 200 736 - 31.505 ms

2022-11-29 18:05:03:53 info: GET /api/user/product?page=2 200 683 - 18.210 ms

2022-11-29 18:05:12:512 info: GET /api/user/product?page=3 200 406 - 19.058 ms

2022-11-29 18:08:49:849 info: Mongodb Connected
2022-11-29 18:08:52:852 info: Mongodb Connected
2022-11-29 18:09:03:93 info: Mongodb Connected
2022-11-29 18:09:14:914 info: Mongodb Connected
2022-11-29 18:09:24:924 error: uncaughtException: Unexpected token 'catch'
D:\GautamRamani\Z-Extra\ECommerce Structured\Controller\client.js:33
    } catch (error) {
      ^^^^^

SyntaxError: Unexpected token 'catch'
    at wrapSafe (internal/modules/cjs/loader.js:979:16)
    at Module._compile (internal/modules/cjs/loader.js:1027:27)
    at Object.Module._extensions..js (internal/modules/cjs/loader.js:1092:10)
    at Module.load (internal/modules/cjs/loader.js:928:32)
    at Function.Module._load (internal/modules/cjs/loader.js:769:14)
    at Module.require (internal/modules/cjs/loader.js:952:19)
    at require (internal/modules/cjs/helpers.js:88:18)
    at Object.<anonymous> (D:\GautamRamani\Z-Extra\ECommerce Structured\Route\index.js:10:19)
    at Module._compile (internal/modules/cjs/loader.js:1063:30)
    at Object.Module._extensions..js (internal/modules/cjs/loader.js:1092:10)
2022-11-29 18:09:41:941 info: Mongodb Connected
2022-11-29 18:09:53:953 info: Mongodb Connected
2022-11-29 18:10:09:109 info: Mongodb Connected
2022-11-29 18:10:18:1018 info: Mongodb Connected
2022-11-29 18:10:25:1025 info: Mongodb Connected
2022-11-29 18:10:35:1035 info: GET /api/user/profile 200 622 - 30.883 ms

2022-11-29 18:11:22:1122 info: Mongodb Connected
2022-11-29 18:11:30:1130 info: Mongodb Connected
2022-11-29 18:11:38:1138 info: Mongodb Connected
2022-11-29 18:11:52:1152 info: Mongodb Connected
2022-11-29 18:11:57:1157 info: Mongodb Connected
2022-11-29 18:11:59:1159 info: Mongodb Connected
2022-11-29 18:12:14:1214 info: GET /api/admin/users 200 1182 - 27.100 ms

2022-11-29 18:14:20:1420 info: GET /api/admin/product 200 736 - 18.544 ms

2022-11-29 18:21:28:2128 info: Mongodb Connected
2022-11-29 18:21:31:2131 info: Mongodb Connected
2022-11-29 18:21:46:2146 info: Mongodb Connected
2022-11-29 18:22:04:224 info: Mongodb Connected
2022-11-29 18:22:28:2228 info: GET /api/admin/users 200 622 - 28.892 ms

2022-11-29 18:22:38:2238 info: GET /api/admin/users?page=3 200 25 - 17.275 ms

2022-11-29 18:22:47:2247 info: GET /api/admin/users?page=2 200 607 - 17.511 ms

2022-11-29 18:22:56:2256 info: GET /api/admin/users 200 622 - 18.942 ms

