2022-11-23 09:53:49:5349 info: Mongodb Connected
2022-11-23 09:55:58:5558 info: GET /api/get 404 146 - 2.635 ms

2022-11-23 09:56:23:5623 info: Mongodb Connected
2022-11-23 09:56:30:5630 info: GET /api/users 200 1312 - 28.954 ms

2022-11-23 09:57:09:579 info: Mongodb Connected
2022-11-23 10:00:47:047 info: Mongodb Connected
2022-11-23 10:01:31:131 info: Mongodb Connected
2022-11-23 10:03:15:315 info: GET /api/users 200 1312 - 33.330 ms

2022-11-23 10:03:25:325 info: GET /api/user/637c8c8ea45d3340a8c70566 200 325 - 21.575 ms

2022-11-23 10:03:30:330 info: GET /api/users 200 1312 - 17.807 ms

2022-11-23 10:03:41:341 info: GET /api/user/637c9b65fb06d4e25a9a146e 200 320 - 19.283 ms

2022-11-23 10:22:01:221 info: Mongodb Connected
2022-11-23 10:23:18:2318 info: Mongodb Connected
2022-11-23 10:24:12:2412 info: Mongodb Connected
2022-11-23 10:27:11:2711 info: GET /api/users 200 1312 - 33.764 ms

2022-11-23 10:28:44:2844 info: GET /api/user/637c8fb7904aa23c0b3b7d80 200 335 - 20.417 ms

2022-11-23 10:28:47:2847 info: GET /api/user/637c8fb7904aa23c0b3b7d80 200 335 - 17.618 ms

2022-11-23 10:29:00:290 info: PUT /api/user/637c8fb7904aa23c0b3b7d80 400 18 - 14.744 ms

2022-11-23 10:29:00:290 error: Cannot set headers after they are sent to the client
2022-11-23 10:30:13:3013 info: PUT /api/user/637c8fb7904aa23c0b3b7d80 400 18 - 1.159 ms

2022-11-23 10:30:13:3013 error: Cannot set headers after they are sent to the client
2022-11-23 10:31:04:314 info: Mongodb Connected
2022-11-23 10:31:06:316 info: PUT /api/user/637c8fb7904aa23c0b3b7d80 404 172 - 10.216 ms

2022-11-23 10:31:13:3113 info: PATCH /api/user/637c8fb7904aa23c0b3b7d80 400 18 - 5.177 ms

2022-11-23 10:31:13:3113 error: Cannot set headers after they are sent to the client
2022-11-23 10:31:28:3128 info: Mongodb Connected
2022-11-23 10:31:34:3134 info: Mongodb Connected
2022-11-23 10:31:43:3143 info: PUT /api/user/637c8fb7904aa23c0b3b7d80 200 336 - 29.823 ms

2022-11-23 10:47:49:4749 info: Mongodb Connected
2022-11-23 10:49:33:4933 error: "isAdmin" is not allowed
2022-11-23 10:49:33:4933 info: POST /api/admin/user 400 24 - 23.306 ms

2022-11-23 10:50:14:5014 error: "isAdmin" is not allowed
2022-11-23 10:50:14:5014 info: POST /api/admin/user 400 24 - 2.203 ms

2022-11-23 10:52:51:5251 info: Mongodb Connected
2022-11-23 10:52:58:5258 info: POST /api/admin/user - - - - ms

2022-11-23 10:53:56:5356 info: Mongodb Connected
2022-11-23 10:53:59:5359 info: POST /api/admin/user 200 324 - 176.572 ms

2022-11-23 10:54:23:5423 error: That user already exists!
2022-11-23 10:54:23:5423 info: POST /api/admin/user 400 25 - 21.170 ms

2022-11-23 10:55:55:5555 info: POST /api/admin/user 200 323 - 105.098 ms

2022-11-23 10:57:02:572 info: DELETE /api/637daee36e3a40c5c35add7a 404 170 - 2.843 ms

2022-11-23 10:57:38:5738 info: DELETE /api/user/637daee36e3a40c5c35add7a 200 323 - 24.911 ms

2022-11-23 10:58:02:582 info: DELETE /api/user/637dae6f6e3a40c5c35add76 200 324 - 23.082 ms

2022-11-23 11:04:07:47 info: Mongodb Connected
2022-11-23 11:39:36:3936 info: Mongodb Connected
