2022-11-22 14:41:46:4146 info: Mongodb Connected
2022-11-22 14:41:49:4149 error: That user already exists!
2022-11-22 14:41:49:4149 info: POST /api/admin/user 400 25 - 45.027 ms

2022-11-22 14:42:55:4255 error: child "name" fails because ["name" length must be at least 5 characters long]
2022-11-22 14:42:55:4255 info: POST /api/admin/user 400 48 - 5.296 ms

2022-11-22 14:45:49:4549 info: GET /api/login 404 148 - 1.546 ms

2022-11-22 14:46:02:462 info: POST /api/login - - - - ms

2022-11-22 14:47:56:4756 info: Mongodb Connected
2022-11-22 14:47:59:4759 info: POST /api/login 200 253 - 109.700 ms

2022-11-22 14:48:38:4838 info: Mongodb Connected
2022-11-22 14:48:38:4838 info: POST /api/login 200 248 - 526.187 ms

2022-11-22 14:48:48:4848 info: POST /api/login 400 18 - 10.937 ms

2022-11-22 14:49:53:4953 info: Mongodb Connected
2022-11-22 14:49:56:4956 error: User not Found
2022-11-22 14:49:56:4956 info: POST /api/login 400 18 - 35.815 ms

2022-11-22 14:50:52:5052 info: Mongodb Connected
2022-11-22 14:50:59:5059 error: User not Found
2022-11-22 14:50:59:5059 info: POST /api/login 400 18 - 37.427 ms

2022-11-22 14:51:06:516 info: POST /api/login 200 220 - 106.275 ms

2022-11-22 14:53:24:5324 error: child "name" fails because ["name" is required]
2022-11-22 14:53:24:5324 info: POST /api/admin/user 400 18 - 4.561 ms

2022-11-22 14:53:41:5341 info: POST /api/login 200 222 - 85.533 ms

2022-11-22 14:58:37:5837 info: Mongodb Connected
2022-11-22 15:04:59:459 info: Mongodb Connected
2022-11-22 15:05:02:52 info: POST /api/admin/user 200 327 - 158.916 ms

2022-11-22 15:10:34:1034 info: POST /api/login 200 220 - 100.547 ms

2022-11-22 15:12:07:127 info: Mongodb Connected
2022-11-22 15:20:29:2029 info: POST /api/admin/user 200 320 - 158.865 ms

2022-11-22 15:26:53:2653 info: POST /login 404 145 - 1.214 ms

2022-11-22 15:27:00:270 error: User not Found
2022-11-22 15:27:00:270 info: POST /api/login 400 18 - 26.680 ms

2022-11-22 15:27:50:2750 info: POST /api/login 200 221 - 88.628 ms

