2022-11-24 11:37:00:370 info: Mongodb Connected
2022-11-24 11:46:37:4637 error: child "description" fails because ["description" length must be less than or equal to 50 characters long]
2022-11-24 11:46:37:4637 info: POST /api/product 400 69 - 21.033 ms

2022-11-24 11:46:51:4651 error: child "productName" fails because ["productName" length must be at least 3 characters long]
2022-11-24 11:46:51:4651 info: POST /api/product 400 55 - 2.330 ms

2022-11-24 11:47:42:4742 info: Mongodb Connected
2022-11-24 11:47:46:4746 error: child "productName" fails because ["productName" length must be at least 3 characters long]
2022-11-24 11:47:46:4746 info: POST /api/product 400 55 - 15.854 ms

2022-11-24 11:48:04:484 error: child "image" fails because ["image" length must be at least 3 characters long]
2022-11-24 11:48:04:484 info: POST /api/product 400 49 - 2.748 ms

2022-11-24 11:48:17:4817 error: child "brand" fails because ["brand" length must be at least 3 characters long]
2022-11-24 11:48:17:4817 info: POST /api/product 400 49 - 2.813 ms

2022-11-24 11:48:26:4826 error: child "countInStock" fails because ["countInStock" must be less than or equal to 5]
2022-11-24 11:48:26:4826 info: POST /api/product 400 46 - 2.078 ms

2022-11-24 11:49:53:4953 info: Mongodb Connected
2022-11-24 11:57:52:5752 info: Mongodb Connected
2022-11-24 11:57:59:5759 info: POST /api/product 200 304 - 49.553 ms

2022-11-24 11:59:16:5916 error: child "rating" fails because ["rating" must be less than or equal to 5]
2022-11-24 11:59:16:5916 info: POST /api/product 400 40 - 3.159 ms

2022-11-24 11:59:28:5928 info: POST /api/product 200 304 - 13.678 ms

2022-11-24 11:59:34:5934 info: POST /api/product 200 304 - 14.563 ms

2022-11-24 11:59:40:5940 error: child "rating" fails because ["rating" must be larger than or equal to 1]
2022-11-24 11:59:40:5940 info: POST /api/product 400 42 - 2.120 ms

2022-11-24 12:03:55:355 info: Mongodb Connected
2022-11-24 12:04:04:44 error: child "phone" fails because ["phone" must be less than or equal to 10]
2022-11-24 12:04:04:44 info: POST /api/admin/user 400 40 - 23.006 ms

2022-11-24 12:07:37:737 error: child "phone" fails because ["phone" must be less than or equal to 10]
2022-11-24 12:07:37:737 info: POST /api/admin/user 400 40 - 3.784 ms

2022-11-24 12:07:43:743 error: child "phone" fails because ["phone" must be less than or equal to 10]
2022-11-24 12:07:43:743 info: POST /api/admin/user 400 40 - 1.605 ms

2022-11-24 12:14:08:148 error: child "phone" fails because ["phone" must be less than or equal to 10]
2022-11-24 12:14:08:148 info: POST /api/admin/user 400 40 - 2.572 ms

2022-11-24 12:14:39:1439 error: child "phone" fails because ["phone" must be less than or equal to 10]
2022-11-24 12:14:39:1439 info: POST /api/admin/user 400 40 - 2.332 ms

2022-11-24 12:14:52:1452 info: Mongodb Connected
2022-11-24 12:15:17:1517 error: child "phone" fails because ["phone" must be less than or equal to 10]
2022-11-24 12:15:17:1517 info: POST /api/admin/user 400 40 - 21.203 ms

2022-11-24 12:15:22:1522 error: child "phone" fails because ["phone" must be less than or equal to 10]
2022-11-24 12:15:22:1522 info: POST /api/admin/user 400 40 - 2.976 ms

2022-11-24 12:15:32:1532 error: child "phone" fails because ["phone" must be less than or equal to 10]
2022-11-24 12:15:32:1532 info: POST /api/admin/user 400 40 - 1.693 ms

2022-11-24 12:16:17:1617 info: Mongodb Connected
2022-11-24 12:16:20:1620 error: That user already exists!
2022-11-24 12:16:20:1620 info: POST /api/admin/user 400 25 - 59.719 ms

2022-11-24 12:17:06:176 info: Mongodb Connected
2022-11-24 12:17:10:1710 info: Mongodb Connected
2022-11-24 12:17:18:1718 info: Mongodb Connected
2022-11-24 12:17:28:1728 info: Mongodb Connected
2022-11-24 12:22:37:2237 info: Mongodb Connected
2022-11-24 12:22:54:2254 error: child "rating" fails because ["rating" must be an integer]
2022-11-24 12:22:54:2254 info: POST /api/product 400 27 - 17.691 ms

2022-11-24 12:23:29:2329 info: Mongodb Connected
2022-11-24 12:23:35:2335 info: POST /api/product - - - - ms

2022-11-24 12:24:00:240 info: Mongodb Connected
2022-11-24 12:24:03:243 info: POST /api/product 200 350 - 42.831 ms

2022-11-24 12:30:06:306 info: POST /api/product 200 292 - 16.363 ms

2022-11-24 12:36:31:3631 info: POST /api/product 200 302 - 14.331 ms

2022-11-24 12:45:44:4544 info: POST /api/product 200 349 - 14.614 ms

2022-11-24 12:46:46:4646 info: Mongodb Connected
2022-11-24 12:48:06:486 info: Mongodb Connected
2022-11-24 12:58:50:5850 info: Mongodb Connected
2022-11-24 15:02:38:238 info: Mongodb Connected
2022-11-24 15:24:15:2415 error: child "image" fails because ["image" is required]
2022-11-24 15:24:15:2415 info: POST /api/product 400 19 - 13.748 ms

2022-11-24 15:31:25:3125 info: Mongodb Connected
2022-11-24 15:31:38:3138 info: POST /api/product - - - - ms

2022-11-24 15:34:41:3441 info: Mongodb Connected
2022-11-24 15:34:47:3447 info: POST /api/product - - - - ms

2022-11-24 15:39:44:3944 info: Mongodb Connected
2022-11-24 15:39:49:3949 info: POST /api/product - - - - ms

2022-11-24 15:43:20:4320 info: Mongodb Connected
2022-11-24 15:43:50:4350 info: Mongodb Connected
2022-11-24 15:46:28:4628 info: Mongodb Connected
2022-11-24 15:46:54:4654 info: Mongodb Connected
2022-11-24 15:48:11:4811 info: Mongodb Connected
2022-11-24 15:48:44:4844 info: POST /api/product - - - - ms

2022-11-24 15:49:04:494 info: Mongodb Connected
2022-11-24 15:49:09:499 info: POST /api/product 200 374 - 42.490 ms

2022-11-24 15:49:53:4953 info: GET //public/uploadsDenim.jpg-1669285149610.jpeg 404 182 - 1.975 ms

2022-11-24 15:50:58:5058 info: POST /api/product 200 362 - 17.924 ms

2022-11-24 15:52:05:525 info: Mongodb Connected
2022-11-24 15:56:09:569 info: Mongodb Connected
2022-11-24 16:17:15:1715 info: Mongodb Connected
2022-11-24 16:18:27:1827 error: uncaughtException: Image is not defined
ReferenceError: Image is not defined
    at Object.<anonymous> (D:\GautamRamani\Week-8\ECommerce\Model\product.js:18:14)
    at Module._compile (internal/modules/cjs/loader.js:1063:30)
    at Object.Module._extensions..js (internal/modules/cjs/loader.js:1092:10)
    at Module.load (internal/modules/cjs/loader.js:928:32)
    at Function.Module._load (internal/modules/cjs/loader.js:769:14)
    at Module.require (internal/modules/cjs/loader.js:952:19)
    at require (internal/modules/cjs/helpers.js:88:18)
    at Object.<anonymous> (D:\GautamRamani\Week-8\ECommerce\Controller\products.js:1:31)
    at Module._compile (internal/modules/cjs/loader.js:1063:30)
    at Object.Module._extensions..js (internal/modules/cjs/loader.js:1092:10)
2022-11-24 16:20:24:2024 error: uncaughtException: Image is not defined
ReferenceError: Image is not defined
    at Object.<anonymous> (D:\GautamRamani\Week-8\ECommerce\Model\product.js:18:14)
    at Module._compile (internal/modules/cjs/loader.js:1063:30)
    at Object.Module._extensions..js (internal/modules/cjs/loader.js:1092:10)
    at Module.load (internal/modules/cjs/loader.js:928:32)
    at Function.Module._load (internal/modules/cjs/loader.js:769:14)
    at Module.require (internal/modules/cjs/loader.js:952:19)
    at require (internal/modules/cjs/helpers.js:88:18)
    at Object.<anonymous> (D:\GautamRamani\Week-8\ECommerce\Controller\products.js:1:31)
    at Module._compile (internal/modules/cjs/loader.js:1063:30)
    at Object.Module._extensions..js (internal/modules/cjs/loader.js:1092:10)
2022-11-24 16:20:43:2043 info: Mongodb Connected
2022-11-24 16:30:00:300 info: Mongodb Connected
2022-11-24 16:31:37:3137 info: Mongodb Connected
2022-11-24 16:43:06:436 info: Mongodb Connected
2022-11-24 16:43:46:4346 info: Mongodb Connected
2022-11-24 16:43:52:4352 info: Mongodb Connected
2022-11-24 16:44:17:4417 info: Mongodb Connected
2022-11-24 16:45:20:4520 info: POST /api/product 200 362 - 52.396 ms

2022-11-24 16:45:46:4546 info: Mongodb Connected
2022-11-24 16:45:49:4549 error: child "image" fails because ["image" is required]
2022-11-24 16:45:49:4549 info: POST /api/product 400 19 - 15.843 ms

2022-11-24 16:46:40:4640 info: Mongodb Connected
2022-11-24 16:46:43:4643 info: POST /api/product - - - - ms

2022-11-24 16:47:00:470 info: Mongodb Connected
2022-11-24 16:47:06:476 info: POST /api/product - - - - ms

2022-11-24 16:53:21:5321 error: uncaughtException: Cannot find module 'joi-image-extension'
Require stack:
- D:\GautamRamani\Week-8\ECommerce\Model\product.js
- D:\GautamRamani\Week-8\ECommerce\Controller\products.js
- D:\GautamRamani\Week-8\ECommerce\Route\index.js
- D:\GautamRamani\Week-8\ECommerce\app.js
Error: Cannot find module 'joi-image-extension'
Require stack:
- D:\GautamRamani\Week-8\ECommerce\Model\product.js
- D:\GautamRamani\Week-8\ECommerce\Controller\products.js
- D:\GautamRamani\Week-8\ECommerce\Route\index.js
- D:\GautamRamani\Week-8\ECommerce\app.js
    at Function.Module._resolveFilename (internal/modules/cjs/loader.js:880:15)
    at Function.Module._load (internal/modules/cjs/loader.js:725:27)
    at Module.require (internal/modules/cjs/loader.js:952:19)
    at require (internal/modules/cjs/helpers.js:88:18)
    at Object.<anonymous> (D:\GautamRamani\Week-8\ECommerce\Model\product.js:3:24)
    at Module._compile (internal/modules/cjs/loader.js:1063:30)
    at Object.Module._extensions..js (internal/modules/cjs/loader.js:1092:10)
    at Module.load (internal/modules/cjs/loader.js:928:32)
    at Function.Module._load (internal/modules/cjs/loader.js:769:14)
    at Module.require (internal/modules/cjs/loader.js:952:19)
2022-11-24 16:55:05:555 info: Mongodb Connected
2022-11-24 16:55:08:558 error: child "image" fails because ["image" is required]
2022-11-24 16:55:08:558 info: POST /api/product 400 19 - 14.587 ms

2022-11-24 17:01:05:15 info: Mongodb Connected
2022-11-24 17:01:10:110 info: POST /api/product - - - - ms

2022-11-24 17:01:43:143 error: child "image" fails because ["image" is required]
2022-11-24 17:01:43:143 info: POST /api/product 400 19 - 24.387 ms

2022-11-24 17:01:46:146 info: Mongodb Connected
2022-11-24 17:02:25:225 error: child "image" fails because ["image" is required]
2022-11-24 17:02:25:225 info: POST /api/product 400 19 - 6.588 ms

2022-11-24 17:02:49:249 info: Mongodb Connected
2022-11-24 17:02:50:250 error: child "image" fails because ["image" is required]
2022-11-24 17:02:50:250 info: POST /api/product 400 19 - 20.662 ms

2022-11-24 17:08:17:817 info: Mongodb Connected
2022-11-24 17:08:55:855 info: Mongodb Connected
2022-11-24 17:08:58:858 info: POST /api/product 200 362 - 38.235 ms

2022-11-24 17:10:07:107 info: Mongodb Connected
2022-11-24 17:10:07:107 info: POST /api/product 200 362 - 3812.250 ms

2022-11-24 17:11:34:1134 info: Mongodb Connected
2022-11-24 17:11:55:1155 info: POST /api/product 200 362 - 44.358 ms

2022-11-24 17:12:45:1245 info: Mongodb Connected
2022-11-24 17:13:11:1311 info: POST /api/product 200 362 - 53.891 ms

2022-11-24 17:13:48:1348 info: GET //public/uploadsDenim.jpg-1669290191628.jpeg 404 182 - 1.738 ms

2022-11-24 17:14:21:1421 info: GET //public/uploads 404 154 - 0.478 ms

2022-11-24 17:14:29:1429 info: GET / 404 139 - 0.260 ms

2022-11-24 17:27:19:2719 info: POST /api/product 200 410 - 25.311 ms

2022-11-24 17:35:23:3523 info: Mongodb Connected
2022-11-24 17:38:04:384 info: POST /api/product 200 353 - 55.865 ms

2022-11-24 17:43:30:4330 error: child "productName" fails because ["productName" is required]
2022-11-24 17:43:30:4330 info: POST /api/product 400 25 - 4.959 ms

2022-11-24 17:43:46:4346 info: POST /api/product 200 374 - 33.543 ms

2022-11-24 18:01:57:157 info: Mongodb Connected
2022-11-24 18:02:33:233 error: child "productName" fails because ["productName" is required]
2022-11-24 18:02:33:233 info: POST /api/product 400 25 - 15.861 ms

2022-11-24 18:02:50:250 error: child "productName" fails because ["productName" is required]
2022-11-24 18:02:50:250 info: POST /api/product 400 25 - 3.013 ms

2022-11-24 18:04:31:431 info: Mongodb Connected
2022-11-24 18:07:51:751 info: POST /api/product 200 411 - 58.897 ms

2022-11-24 18:12:37:1237 info: POST /api/product 200 362 - 85.273 ms

2022-11-24 18:12:48:1248 info: POST /api/product 200 410 - 25.870 ms

2022-11-24 18:13:07:137 info: POST /api/product 200 353 - 25.504 ms

2022-11-24 18:13:18:1318 info: POST /api/product 200 374 - 24.868 ms

2022-11-24 18:13:33:1333 info: POST /api/product 200 411 - 24.583 ms

2022-11-24 18:15:04:154 info: Mongodb Connected
