2022-11-25 10:15:16:1516 error: uncaughtException: Cannot find module 'joi-image-extension'
Require stack:
- D:\GautamRamani\Week-8\ECommerce\Model\product.js
- D:\GautamRamani\Week-8\ECommerce\Controller\products.js
- D:\GautamRamani\Week-8\ECommerce\Route\index.js
- D:\GautamRamani\Week-8\ECommerce\app.js
Error: Cannot find module 'joi-image-extension'
Require stack:
- D:\GautamRamani\Week-8\ECommerce\Model\product.js
- D:\GautamRamani\Week-8\ECommerce\Controller\products.js
- D:\GautamRamani\Week-8\ECommerce\Route\index.js
- D:\GautamRamani\Week-8\ECommerce\app.js
    at Function.Module._resolveFilename (internal/modules/cjs/loader.js:880:15)
    at Function.Module._load (internal/modules/cjs/loader.js:725:27)
    at Module.require (internal/modules/cjs/loader.js:952:19)
    at require (internal/modules/cjs/helpers.js:88:18)
    at Object.<anonymous> (D:\GautamRamani\Week-8\ECommerce\Model\product.js:3:24)
    at Module._compile (internal/modules/cjs/loader.js:1063:30)
    at Object.Module._extensions..js (internal/modules/cjs/loader.js:1092:10)
    at Module.load (internal/modules/cjs/loader.js:928:32)
    at Function.Module._load (internal/modules/cjs/loader.js:769:14)
    at Module.require (internal/modules/cjs/loader.js:952:19)
2022-11-25 10:16:01:161 info: Mongodb Connected
2022-11-25 10:17:08:178 error: Converting circular structure to JSON
    --> starting at object with constructor 'MongoClient'
    |     property 's' -> object with constructor 'Object'
    |     property 'sessionPool' -> object with constructor 'ServerSessionPool'
    --- property 'client' closes the circle
2022-11-25 10:20:11:2011 info: Mongodb Connected
2022-11-25 10:20:13:2013 info: GET /api/product 200 1916 - 23.412 ms

2022-11-25 10:21:11:2111 info: GET / 404 139 - 1.721 ms

2022-11-25 10:21:20:2120 info: GET /api/product 200 1916 - 12.315 ms

2022-11-25 10:21:20:2120 info: GET /favicon.ico 404 150 - 1.383 ms

2022-11-25 10:21:22:2122 info: GET //public/uploadsDenim.jpg-1669293757876.jpeg 404 182 - 0.275 ms

2022-11-25 10:21:45:2145 info: GET //public/uploadsTrowser.JPG-1669293768782.jpeg 404 184 - 0.255 ms

2022-11-25 10:22:26:2226 info: GET //public/uploadsDenim.jpg-1669293757876.jpeg 404 182 - 0.261 ms

2022-11-25 10:25:23:2523 info: GET /api/product 200 1916 - 9.107 ms

2022-11-25 11:01:39:139 info: Mongodb Connected
2022-11-25 11:01:44:144 info: GET /api/product 200 1916 - 28.900 ms

2022-11-25 11:03:12:312 error: basePath is not defined
2022-11-25 11:03:14:314 info: PUT /api/product/637f66bdbe805cb06c41d174 - - - - ms

2022-11-25 11:04:03:43 info: Mongodb Connected
2022-11-25 11:04:10:410 info: PUT /api/product/637f66bdbe805cb06c41d174 400 23 - 10.684 ms

2022-11-25 11:05:14:514 info: Mongodb Connected
2022-11-25 11:05:16:516 error: Cannot read property 'filename' of undefined
2022-11-25 11:05:19:519 info: PUT /api/product/637f66bdbe805cb06c41d174 - - - - ms

2022-11-25 11:05:58:558 info: Mongodb Connected
2022-11-25 11:06:20:620 error: Cannot read property 'filename' of undefined
2022-11-25 11:06:23:623 info: PUT /api/product/637f66bdbe805cb06c41d174 - - - - ms

2022-11-25 11:07:31:731 info: Mongodb Connected
2022-11-25 11:07:33:733 info: PUT /api/product/637f66bdbe805cb06c41d174 200 362 - 50.054 ms

2022-11-25 11:10:32:1032 info: Mongodb Connected
2022-11-25 11:10:38:1038 error: file is not defined
2022-11-25 11:10:40:1040 info: PUT /api/product/637f66bdbe805cb06c41d174 - - - - ms

2022-11-25 11:10:50:1050 info: Mongodb Connected
2022-11-25 11:10:51:1051 error: Cannot read property 'filename' of undefined
2022-11-25 11:10:55:1055 info: PUT /api/product/637f66bdbe805cb06c41d174 - - - - ms

2022-11-25 11:14:42:1442 info: Mongodb Connected
2022-11-25 11:14:44:1444 error: Cannot read property 'filename' of undefined
2022-11-25 11:14:47:1447 info: PUT /api/product/637f66bdbe805cb06c41d174 - - - - ms

2022-11-25 11:16:03:163 error: Cannot read property 'filename' of undefined
2022-11-25 11:16:05:165 info: PUT /api/product/637f66bdbe805cb06c41d174 - - - - ms

2022-11-25 11:17:31:1731 info: Mongodb Connected
2022-11-25 11:18:58:1858 info: PUT /api/product/637f66bdbe805cb06c41d174 200 362 - 45.858 ms

2022-11-25 11:19:38:1938 info: PUT /api/product/637f66bdbe805cb06c41d174 200 362 - 21.903 ms

2022-11-25 11:19:56:1956 info: PUT /api/product/637f66bdbe805cb06c41d174 200 362 - 24.208 ms

2022-11-25 11:22:50:2250 info: Mongodb Connected
2022-11-25 11:23:26:2326 info: Mongodb Connected
2022-11-25 11:28:20:2820 info: Mongodb Connected
2022-11-25 11:29:06:296 info: POST /api/product 200 362 - 48.378 ms

2022-11-25 11:29:45:2945 info: DELETE /api/product/638059aafef29c0c9dbd68db 200 - - 24.016 ms

2022-11-25 11:30:44:3044 info: Mongodb Connected
2022-11-25 11:31:00:310 info: POST /api/product 200 362 - 48.841 ms

2022-11-25 11:31:28:3128 info: DELETE /api/product/63805a1c61682508a84345f1 200 362 - 28.284 ms

2022-11-25 11:31:56:3156 info: POST /api/product 200 362 - 42.831 ms

2022-11-25 11:32:56:3256 info: Mongodb Connected
2022-11-25 11:33:14:3314 info: DELETE /api/product/63805a5461682508a84345f4 400 39 - 42.063 ms

2022-11-25 11:34:30:3430 info: Mongodb Connected
2022-11-25 11:34:32:3432 error: Cannot set headers after they are sent to the client
2022-11-25 11:34:32:3432 info: DELETE /api/product/63805a5461682508a84345f4 400 - - 76.818 ms

2022-11-25 11:56:55:5655 info: Mongodb Connected
2022-11-25 11:57:23:5723 info: POST /api/product 200 362 - 51.214 ms

2022-11-25 11:57:47:5747 info: DELETE /api/product/6380604b673efaa9e940267b 200 34 - 17.122 ms

2022-11-25 11:58:21:5821 info: Mongodb Connected
2022-11-25 11:58:35:5835 info: POST /api/product 200 362 - 44.433 ms

2022-11-25 11:59:06:596 error: Cannot set headers after they are sent to the client
2022-11-25 11:59:06:596 info: DELETE /api/product/6380604b673efaa9e940267b 400 - - 37.227 ms

2022-11-25 11:59:57:5957 info: Mongodb Connected
2022-11-25 11:59:58:5958 info: POST /api/product 200 362 - 44.653 ms

2022-11-25 12:00:08:08 info: DELETE /api/product/638060e63e8898ee7e436e63 200 374 - 25.880 ms

2022-11-25 12:00:39:039 info: Mongodb Connected
2022-11-25 12:07:03:73 info: POST /api/product 200 362 - 41.416 ms

2022-11-25 12:07:32:732 info: DELETE /api/product/6380628f5c3567a4ee14e24a 200 34 - 24.949 ms

2022-11-25 12:08:40:840 info: Mongodb Connected
2022-11-25 12:09:36:936 info: Mongodb Connected
2022-11-25 12:10:47:1047 info: POST /api/product 200 362 - 43.423 ms

2022-11-25 12:11:12:1112 info: DELETE /api/product/6380636fcba384e6afd3e91c 200 399 - 26.480 ms

