2022-11-28 10:09:29:929 error: uncaughtException: express-jwt: `algorithms` is a required option
RangeError: express-jwt: `algorithms` is a required option
    at expressjwt (D:\GautamRamani\Week-8\ECommerce\node_modules\express-jwt\dist\index.js:55:15)
    at authJwt (D:\GautamRamani\Week-8\ECommerce\middleware\auth.js:5:12)
    at Object.<anonymous> (D:\GautamRamani\Week-8\ECommerce\app.js:20:9)
    at Module._compile (internal/modules/cjs/loader.js:1063:30)
    at Object.Module._extensions..js (internal/modules/cjs/loader.js:1092:10)
    at Module.load (internal/modules/cjs/loader.js:928:32)
    at Function.Module._load (internal/modules/cjs/loader.js:769:14)
    at Function.executeUserEntryPoint [as runMain] (internal/modules/run_main.js:72:12)
    at internal/main/run_main_module.js:17:47
2022-11-28 10:10:12:1012 info: Mongodb Connected
2022-11-28 10:11:10:1110 info: GET /api/product 401 1160 - 3.582 ms

2022-11-28 10:11:52:1152 info: POST /api/login 200 248 - 142.620 ms

2022-11-28 10:12:10:1210 info: GET /api/product 200 1916 - 24.551 ms

2022-11-28 10:13:12:1312 info: POST /api/login 200 250 - 89.521 ms

2022-11-28 10:13:23:1323 info: GET /api/product 200 1916 - 20.271 ms

2022-11-28 10:13:52:1352 info: GET /api/product 401 1160 - 0.519 ms

2022-11-28 10:32:42:3242 info: Mongodb Connected
2022-11-28 10:33:28:3328 info: Mongodb Connected
2022-11-28 11:08:57:857 info: Mongodb Connected
2022-11-28 11:09:40:940 info: Mongodb Connected
2022-11-28 11:09:49:949 info: GET /api/product 401 1160 - 3.658 ms

2022-11-28 11:11:34:1134 info: Mongodb Connected
2022-11-28 11:11:40:1140 info: GET /api/product 401 1160 - 5.020 ms

2022-11-28 11:11:58:1158 info: POST /api/login 200 248 - 130.201 ms

2022-11-28 11:12:11:1211 info: GET /api/product 200 1916 - 22.203 ms

2022-11-28 11:35:07:357 info: Mongodb Connected
2022-11-28 11:37:56:3756 info: Mongodb Connected
