2022-11-23 10:29:00:290 error: Cannot set headers after they are sent to the client
2022-11-23 10:30:13:3013 error: Cannot set headers after they are sent to the client
2022-11-23 10:31:13:3113 error: Cannot set headers after they are sent to the client
2022-11-23 10:49:33:4933 error: "isAdmin" is not allowed
2022-11-23 10:50:14:5014 error: "isAdmin" is not allowed
2022-11-23 10:54:23:5423 error: That user already exists!
2022-11-24 11:46:37:4637 error: child "description" fails because ["description" length must be less than or equal to 50 characters long]
2022-11-24 11:46:51:4651 error: child "productName" fails because ["productName" length must be at least 3 characters long]
2022-11-24 11:47:46:4746 error: child "productName" fails because ["productName" length must be at least 3 characters long]
2022-11-24 11:48:04:484 error: child "image" fails because ["image" length must be at least 3 characters long]
2022-11-24 11:48:17:4817 error: child "brand" fails because ["brand" length must be at least 3 characters long]
2022-11-24 11:48:26:4826 error: child "countInStock" fails because ["countInStock" must be less than or equal to 5]
2022-11-24 11:59:16:5916 error: child "rating" fails because ["rating" must be less than or equal to 5]
2022-11-24 11:59:40:5940 error: child "rating" fails because ["rating" must be larger than or equal to 1]
2022-11-24 12:04:04:44 error: child "phone" fails because ["phone" must be less than or equal to 10]
2022-11-24 12:07:37:737 error: child "phone" fails because ["phone" must be less than or equal to 10]
2022-11-24 12:07:43:743 error: child "phone" fails because ["phone" must be less than or equal to 10]
2022-11-24 12:14:08:148 error: child "phone" fails because ["phone" must be less than or equal to 10]
2022-11-24 12:14:39:1439 error: child "phone" fails because ["phone" must be less than or equal to 10]
2022-11-24 12:15:17:1517 error: child "phone" fails because ["phone" must be less than or equal to 10]
2022-11-24 12:15:22:1522 error: child "phone" fails because ["phone" must be less than or equal to 10]
2022-11-24 12:15:32:1532 error: child "phone" fails because ["phone" must be less than or equal to 10]
2022-11-24 12:16:20:1620 error: That user already exists!
2022-11-24 12:22:54:2254 error: child "rating" fails because ["rating" must be an integer]
2022-11-24 15:24:15:2415 error: child "image" fails because ["image" is required]
2022-11-24 16:45:49:4549 error: child "image" fails because ["image" is required]
2022-11-24 16:55:08:558 error: child "image" fails because ["image" is required]
2022-11-24 17:01:43:143 error: child "image" fails because ["image" is required]
2022-11-24 17:02:25:225 error: child "image" fails because ["image" is required]
2022-11-24 17:02:50:250 error: child "image" fails because ["image" is required]
2022-11-24 17:43:30:4330 error: child "productName" fails because ["productName" is required]
2022-11-24 18:02:33:233 error: child "productName" fails because ["productName" is required]
2022-11-24 18:02:50:250 error: child "productName" fails because ["productName" is required]
2022-11-25 10:17:08:178 error: Converting circular structure to JSON
    --> starting at object with constructor 'MongoClient'
    |     property 's' -> object with constructor 'Object'
    |     property 'sessionPool' -> object with constructor 'ServerSessionPool'
    --- property 'client' closes the circle
2022-11-25 11:03:12:312 error: basePath is not defined
2022-11-25 11:05:16:516 error: Cannot read property 'filename' of undefined
2022-11-25 11:06:20:620 error: Cannot read property 'filename' of undefined
2022-11-25 11:10:38:1038 error: file is not defined
2022-11-25 11:10:51:1051 error: Cannot read property 'filename' of undefined
2022-11-25 11:14:44:1444 error: Cannot read property 'filename' of undefined
2022-11-25 11:16:03:163 error: Cannot read property 'filename' of undefined
2022-11-25 11:34:32:3432 error: Cannot set headers after they are sent to the client
2022-11-25 11:59:06:596 error: Cannot set headers after they are sent to the client
